2023-08-06 01:07:30.586230 - Initialized conversion of CBT1043
2023-08-06 01:07:30.742076 - Received SBGOLOB.CBT506.FILE1043 from FILE1043.XMI 
2023-08-06 01:07:30.744423 - Found $$$#DATE.txt (text/plain) in SBGOLOB.CBT506.FILE1043, moved to FILE1043/$$$#DATE
2023-08-06 01:07:30.745434 - Found $INSTALL.txt (text/plain) in SBGOLOB.CBT506.FILE1043, moved to FILE1043/$INSTALL
2023-08-06 01:07:30.746432 - Found $MEMLIST.txt (text/plain) in SBGOLOB.CBT506.FILE1043, moved to FILE1043/$MEMLIST
2023-08-06 01:07:30.747509 - Found $README.txt (text/plain) in SBGOLOB.CBT506.FILE1043, moved to FILE1043/$README
2023-08-06 01:07:30.781002 - Found #LOADXMI.xmi (application/xmit) in SBGOLOB.CBT506.FILE1043
2023-08-06 01:07:30.792528   - Received RECFM=U data, stored XMIT file as CBT1043/#LOADXMI.xmi
2023-08-06 01:07:30.793545 - Found @FIL1043.txt (text/plain) in SBGOLOB.CBT506.FILE1043, moved to FILE1043/@FIL1043
2023-08-06 01:07:30.794496 - Found DCHIRXE@.jcl (text/plain) in SBGOLOB.CBT506.FILE1043, moved to FILE1043/DCHIRXE@
2023-08-06 01:07:30.795480 - Found DCHIRXI@.jcl (text/plain) in SBGOLOB.CBT506.FILE1043, moved to FILE1043/DCHIRXI@
2023-08-06 01:07:30.796387 - Found DCHIRXP@.jcl (text/plain) in SBGOLOB.CBT506.FILE1043, moved to FILE1043/DCHIRXP@
2023-08-06 01:07:30.797291 - Found DCHIRXT@.jcl (text/plain) in SBGOLOB.CBT506.FILE1043, moved to FILE1043/DCHIRXT@
2023-08-06 01:07:30.798232 - Found DCJDDME.x-c (text/x-c) in SBGOLOB.CBT506.FILE1043, moved to FILE1043/DCJDDME
2023-08-06 01:07:30.799167 - Found DCJDDME$.jcl (text/plain) in SBGOLOB.CBT506.FILE1043, moved to FILE1043/DCJDDME$
2023-08-06 01:07:30.800025 - Found DCJRXPP.txt (text/plain) in SBGOLOB.CBT506.FILE1043, moved to FILE1043/DCJRXPP
2023-08-06 01:07:30.800864 - Found DCJRXPP$.jcl (text/plain) in SBGOLOB.CBT506.FILE1043, moved to FILE1043/DCJRXPP$
2023-08-06 01:07:30.801758 - Found DCXVMON.rexx (text/plain) in SBGOLOB.CBT506.FILE1043, moved to FILE1043/DCXVMON
2023-08-06 01:07:30.802727 - Found JCCXCL.txt (text/plain) in SBGOLOB.CBT506.FILE1043, moved to FILE1043/JCCXCL
2023-08-06 01:07:30.803706 - Found RXUMAC00.txt (text/plain) in SBGOLOB.CBT506.FILE1043, moved to FILE1043/RXUMAC00
2023-08-06 01:07:30.804650 - Found RXUMAYFO.rexx (text/plain) in SBGOLOB.CBT506.FILE1043, moved to FILE1043/RXUMAYFO
2023-08-06 01:07:30.805671 - Found RXUSLIB.txt (text/plain) in SBGOLOB.CBT506.FILE1043, moved to FILE1043/RXUSLIB
2023-08-06 01:07:30.806670 - Found RXUSUBEX.rexx (text/plain) in SBGOLOB.CBT506.FILE1043, moved to FILE1043/RXUSUBEX
2023-08-06 01:07:30.807577 - Found RXUTEST.rexx (text/plain) in SBGOLOB.CBT506.FILE1043, moved to FILE1043/RXUTEST
2023-08-06 01:07:30.808558 - Found TESTRXU$.jcl (text/plain) in SBGOLOB.CBT506.FILE1043, moved to FILE1043/TESTRXU$
